<?xml version="1.0" encoding="UTF-8"?>
<!-- Generated by org.testng.reporters.JUnitXMLReporter -->
<testsuite ignored="1" hostname="DESKTOP-FKP06KN" failures="0" tests="3" name="GRP-sanity" time="0.087" errors="0" timestamp="2024-09-03T17:10:31 IST">
  <testcase classname="TestN.Pu" name="m" time="0.014"/>
  <testcase classname="TestN.Pu" name="ma" time="0.002"/>
  <testcase classname="TestN.Te" name="m" time="0.002"/>
  <testcase classname="TestN.Te" name="ma" time="0.0">
    <ignored/>
  </testcase> <!-- ma -->
</testsuite> <!-- GRP-sanity -->
