<?xml version="1.0" encoding="UTF-8"?>
<!-- Generated by org.testng.reporters.JUnitXMLReporter -->
<testsuite ignored="0" hostname="DESKTOP-FKP06KN" failures="0" tests="4" name="GRP-regression,sanity" time="0.11" errors="0" timestamp="2024-09-03T17:11:30 IST">
  <testcase classname="TestN.Pu" name="m" time="0.008"/>
  <testcase classname="TestN.Pu" name="ma" time="0.004"/>
  <testcase classname="TestN.Te" name="m" time="0.002"/>
  <testcase classname="TestN.Te" name="ma" time="0.006"/>
</testsuite> <!-- GRP-regression,sanity -->
