<?xml version="1.0" encoding="UTF-8"?>
<!-- Generated by org.testng.reporters.JUnitXMLReporter -->
<testsuite ignored="0" hostname="DESKTOP-FKP06KN" failures="1" tests="1" name="Test" time="46.627" errors="0" timestamp="2024-09-06T15:08:37 IST">
  <testcase classname="Screenshot.ListeneerDemotest" name="launchapp" time="46.245">
    <failure type="java.lang.AssertionError" message="expected [true] but found [false]">
      <![CDATA[java.lang.AssertionError: expected [true] but found [false]
at Screenshot.ListeneerDemotest.launchapp(ListeneerDemotest.java:11)
at java.base/java.util.ArrayList.forEach(ArrayList.java:1596)
... Removed 29 stack frames]]>
    </failure>
  </testcase> <!-- launchapp -->
</testsuite> <!-- Test -->
