<?xml version="1.0" encoding="UTF-8"?>
<testng-results ignored="0" total="1" passed="1" failed="0" skipped="0">
  <reporter-output>
  </reporter-output>
  <suite started-at="2025-01-03T14:24:58 IST" name="Default suite" finished-at="2025-01-03T14:25:05 IST" duration-ms="7665">
    <groups>
    </groups>
    <test started-at="2025-01-03T14:24:58 IST" name="Default test" finished-at="2025-01-03T14:25:05 IST" duration-ms="7665">
      <class name="Lis">
        <test-method signature="m()[pri:0, instance:Lis@7a5ceedd]" started-at="2025-01-03T14:24:58 IST" name="m" finished-at="2025-01-03T14:25:05 IST" duration-ms="7589" status="PASS">
          <reporter-output>
          </reporter-output>
        </test-method> <!-- m -->
      </class> <!-- Lis -->
    </test> <!-- Default test -->
  </suite> <!-- Default suite -->
</testng-results>
